  main.cpp
C:\Users\Felype\source\repos\OpenGLProject1\OpenGLProject1\main.cpp(41,79): warning C4244: 'argumento': conversão de 'double' para 'GLclampf', possível perda de dados
C:\Users\Felype\source\repos\OpenGLProject1\OpenGLProject1\main.cpp(41,64): warning C4244: 'argumento': conversão de 'double' para 'GLclampf', possível perda de dados
C:\Users\Felype\source\repos\OpenGLProject1\OpenGLProject1\main.cpp(41,49): warning C4244: 'argumento': conversão de 'double' para 'GLclampf', possível perda de dados
C:\Users\Felype\source\repos\OpenGLProject1\OpenGLProject1\main.cpp(41,34): warning C4244: 'argumento': conversão de 'double' para 'GLclampf', possível perda de dados
C:\Users\Felype\source\repos\OpenGLProject1\OpenGLProject1\main.cpp(46,49): warning C4244: 'argumento': conversão de 'double' para 'GLfloat', possível perda de dados
C:\Users\Felype\source\repos\OpenGLProject1\OpenGLProject1\main.cpp(46,38): warning C4244: 'argumento': conversão de 'double' para 'GLfloat', possível perda de dados
C:\Users\Felype\source\repos\OpenGLProject1\OpenGLProject1\main.cpp(46,27): warning C4244: 'argumento': conversão de 'double' para 'GLfloat', possível perda de dados
C:\Users\Felype\source\repos\OpenGLProject1\OpenGLProject1\main.cpp(47,42): warning C4244: 'argumento': conversão de '_Ty2' para 'GLfloat', possível perda de dados
C:\Users\Felype\source\repos\OpenGLProject1\OpenGLProject1\main.cpp(47,42): warning C4244:         with
C:\Users\Felype\source\repos\OpenGLProject1\OpenGLProject1\main.cpp(47,42): warning C4244:         [
C:\Users\Felype\source\repos\OpenGLProject1\OpenGLProject1\main.cpp(47,42): warning C4244:             _Ty2=double
C:\Users\Felype\source\repos\OpenGLProject1\OpenGLProject1\main.cpp(47,42): warning C4244:         ]
C:\Users\Felype\source\repos\OpenGLProject1\OpenGLProject1\main.cpp(47,27): warning C4244: 'argumento': conversão de '_Ty1' para 'GLfloat', possível perda de dados
C:\Users\Felype\source\repos\OpenGLProject1\OpenGLProject1\main.cpp(47,27): warning C4244:         with
C:\Users\Felype\source\repos\OpenGLProject1\OpenGLProject1\main.cpp(47,27): warning C4244:         [
C:\Users\Felype\source\repos\OpenGLProject1\OpenGLProject1\main.cpp(47,27): warning C4244:             _Ty1=double
C:\Users\Felype\source\repos\OpenGLProject1\OpenGLProject1\main.cpp(47,27): warning C4244:         ]
C:\Users\Felype\source\repos\OpenGLProject1\OpenGLProject1\main.cpp(49,49): warning C4244: 'argumento': conversão de 'double' para 'GLfloat', possível perda de dados
C:\Users\Felype\source\repos\OpenGLProject1\OpenGLProject1\main.cpp(49,38): warning C4244: 'argumento': conversão de 'double' para 'GLfloat', possível perda de dados
C:\Users\Felype\source\repos\OpenGLProject1\OpenGLProject1\main.cpp(49,27): warning C4244: 'argumento': conversão de 'double' para 'GLfloat', possível perda de dados
C:\Users\Felype\source\repos\OpenGLProject1\OpenGLProject1\main.cpp(50,50): warning C4244: 'argumento': conversão de '_Ty2' para 'GLfloat', possível perda de dados
C:\Users\Felype\source\repos\OpenGLProject1\OpenGLProject1\main.cpp(50,50): warning C4244:         with
C:\Users\Felype\source\repos\OpenGLProject1\OpenGLProject1\main.cpp(50,50): warning C4244:         [
C:\Users\Felype\source\repos\OpenGLProject1\OpenGLProject1\main.cpp(50,50): warning C4244:             _Ty2=double
C:\Users\Felype\source\repos\OpenGLProject1\OpenGLProject1\main.cpp(50,50): warning C4244:         ]
C:\Users\Felype\source\repos\OpenGLProject1\OpenGLProject1\main.cpp(50,27): warning C4244: 'argumento': conversão de '_Ty1' para 'GLfloat', possível perda de dados
C:\Users\Felype\source\repos\OpenGLProject1\OpenGLProject1\main.cpp(50,27): warning C4244:         with
C:\Users\Felype\source\repos\OpenGLProject1\OpenGLProject1\main.cpp(50,27): warning C4244:         [
C:\Users\Felype\source\repos\OpenGLProject1\OpenGLProject1\main.cpp(50,27): warning C4244:             _Ty1=double
C:\Users\Felype\source\repos\OpenGLProject1\OpenGLProject1\main.cpp(50,27): warning C4244:         ]
C:\Users\Felype\source\repos\OpenGLProject1\OpenGLProject1\main.cpp(52,49): warning C4244: 'argumento': conversão de 'double' para 'GLfloat', possível perda de dados
C:\Users\Felype\source\repos\OpenGLProject1\OpenGLProject1\main.cpp(52,38): warning C4244: 'argumento': conversão de 'double' para 'GLfloat', possível perda de dados
C:\Users\Felype\source\repos\OpenGLProject1\OpenGLProject1\main.cpp(52,27): warning C4244: 'argumento': conversão de 'double' para 'GLfloat', possível perda de dados
C:\Users\Felype\source\repos\OpenGLProject1\OpenGLProject1\main.cpp(53,60): warning C4244: 'argumento': conversão de '_Ty2' para 'GLfloat', possível perda de dados
C:\Users\Felype\source\repos\OpenGLProject1\OpenGLProject1\main.cpp(53,60): warning C4244:         with
C:\Users\Felype\source\repos\OpenGLProject1\OpenGLProject1\main.cpp(53,60): warning C4244:         [
C:\Users\Felype\source\repos\OpenGLProject1\OpenGLProject1\main.cpp(53,60): warning C4244:             _Ty2=double
C:\Users\Felype\source\repos\OpenGLProject1\OpenGLProject1\main.cpp(53,60): warning C4244:         ]
C:\Users\Felype\source\repos\OpenGLProject1\OpenGLProject1\main.cpp(53,34): warning C4244: 'argumento': conversão de '_Ty1' para 'GLfloat', possível perda de dados
C:\Users\Felype\source\repos\OpenGLProject1\OpenGLProject1\main.cpp(53,34): warning C4244:         with
C:\Users\Felype\source\repos\OpenGLProject1\OpenGLProject1\main.cpp(53,34): warning C4244:         [
C:\Users\Felype\source\repos\OpenGLProject1\OpenGLProject1\main.cpp(53,34): warning C4244:             _Ty1=double
C:\Users\Felype\source\repos\OpenGLProject1\OpenGLProject1\main.cpp(53,34): warning C4244:         ]
C:\Users\Felype\source\repos\OpenGLProject1\OpenGLProject1\main.cpp(55,49): warning C4244: 'argumento': conversão de 'double' para 'GLfloat', possível perda de dados
C:\Users\Felype\source\repos\OpenGLProject1\OpenGLProject1\main.cpp(55,38): warning C4244: 'argumento': conversão de 'double' para 'GLfloat', possível perda de dados
C:\Users\Felype\source\repos\OpenGLProject1\OpenGLProject1\main.cpp(55,27): warning C4244: 'argumento': conversão de 'double' para 'GLfloat', possível perda de dados
C:\Users\Felype\source\repos\OpenGLProject1\OpenGLProject1\main.cpp(56,52): warning C4244: 'argumento': conversão de '_Ty2' para 'GLfloat', possível perda de dados
C:\Users\Felype\source\repos\OpenGLProject1\OpenGLProject1\main.cpp(56,52): warning C4244:         with
C:\Users\Felype\source\repos\OpenGLProject1\OpenGLProject1\main.cpp(56,52): warning C4244:         [
C:\Users\Felype\source\repos\OpenGLProject1\OpenGLProject1\main.cpp(56,52): warning C4244:             _Ty2=double
C:\Users\Felype\source\repos\OpenGLProject1\OpenGLProject1\main.cpp(56,52): warning C4244:         ]
C:\Users\Felype\source\repos\OpenGLProject1\OpenGLProject1\main.cpp(56,34): warning C4244: 'argumento': conversão de '_Ty1' para 'GLfloat', possível perda de dados
C:\Users\Felype\source\repos\OpenGLProject1\OpenGLProject1\main.cpp(56,34): warning C4244:         with
C:\Users\Felype\source\repos\OpenGLProject1\OpenGLProject1\main.cpp(56,34): warning C4244:         [
C:\Users\Felype\source\repos\OpenGLProject1\OpenGLProject1\main.cpp(56,34): warning C4244:             _Ty1=double
C:\Users\Felype\source\repos\OpenGLProject1\OpenGLProject1\main.cpp(56,34): warning C4244:         ]
main.obj : error LNK2001: símbolo externo não resolvido "public: static struct std::pair<double,double> Renderer::inicial" (?inicial@Renderer@@2U?$pair@NN@std@@A)
main.obj : error LNK2001: símbolo externo não resolvido "public: static double Renderer::altura" (?altura@Renderer@@2NA)
main.obj : error LNK2001: símbolo externo não resolvido "public: static double Renderer::largura" (?largura@Renderer@@2NA)
C:\Users\Felype\source\repos\OpenGLProject1\Debug\OpenGLProject1.exe : fatal error LNK1120: 3 externo não resolvidos
